# JRE version: OpenJDK Runtime Environment (21.0.2+13) (build 21.0.2+13-58)
# Java VM: OpenJDK 64-Bit Server VM (21.0.2+13-58, mixed mode, sharing, tiered, compressed oops, compressed class ptrs, g1 gc, windows-amd64)
GC Precious Log:
 CardTable entry size: 512
 Card Set container configuration: InlinePtr #cards 4 size 8 Array Of Cards #cards 16 size 48 Howl #buckets 8 coarsen threshold 3686 Howl Bitmap #cards 512 size 80 coarsen threshold 460 Card regions per heap region 1 cards per card region 4096
 CPUs: 8 total, 8 available
 Memory: 16118M
 Large Page Support: Disabled
 NUMA Support: Disabled
 Compressed Oops: Enabled (Zero based)
 Heap Region Size: 2M
 Heap Min Capacity: 8M
 Heap Initial Capacity: 252M
 Heap Max Capacity: 4030M
 Pre-touch: Disabled
 Parallel Workers: 8
 Concurrent Workers: 2
 Concurrent Refinement Workers: 8
 Periodic GC: Disabled
Heap:
 garbage-first heap   total 137216K, used 63685K [0x0000000704200000, 0x0000000800000000)
  region size 2048K, 3 young (6144K), 3 survivors (6144K)
 Metaspace       used 97637K, committed 98624K, reserved 1179648K
  class space    used 12721K, committed 13184K, reserved 1048576K
GC Heap History (20 events):
Event: 123.623 GC heap after
{Heap after GC invocations=32 (full 8):
 garbage-first heap   total 122880K, used 55457K [0x0000000704200000, 0x0000000800000000)
  region size 2048K, 0 young (0K), 0 survivors (0K)
 Metaspace       used 94651K, committed 95616K, reserved 1179648K
  class space    used 12530K, committed 12992K, reserved 1048576K
}
Event: 191.406 GC heap before
{Heap before GC invocations=32 (full 8):
 garbage-first heap   total 122880K, used 110753K [0x0000000704200000, 0x0000000800000000)
  region size 2048K, 27 young (55296K), 0 survivors (0K)
 Metaspace       used 94750K, committed 95744K, reserved 1179648K
  class space    used 12530K, committed 12992K, reserved 1048576K
}
Event: 191.582 GC heap after
{Heap after GC invocations=33 (full 8):
 garbage-first heap   total 122880K, used 56392K [0x0000000704200000, 0x0000000800000000)
  region size 2048K, 1 young (2048K), 1 survivors (2048K)
 Metaspace       used 94750K, committed 95744K, reserved 1179648K
  class space    used 12530K, committed 12992K, reserved 1048576K
}
Event: 263.427 GC heap before
{Heap before GC invocations=34 (full 8):
 garbage-first heap   total 122880K, used 109640K [0x0000000704200000, 0x0000000800000000)
  region size 2048K, 27 young (55296K), 1 survivors (2048K)
 Metaspace       used 94752K, committed 95744K, reserved 1179648K
  class space    used 12530K, committed 12992K, reserved 1048576K
}
Event: 263.519 GC heap after
{Heap after GC invocations=35 (full 8):
 garbage-first heap   total 122880K, used 56021K [0x0000000704200000, 0x0000000800000000)
  region size 2048K, 1 young (2048K), 1 survivors (2048K)
 Metaspace       used 94752K, committed 95744K, reserved 1179648K
  class space    used 12530K, committed 12992K, reserved 1048576K
}
Event: 340.324 GC heap before
{Heap before GC invocations=35 (full 8):
 garbage-first heap   total 122880K, used 111317K [0x0000000704200000, 0x0000000800000000)
  region size 2048K, 28 young (57344K), 1 survivors (2048K)
 Metaspace       used 94756K, committed 95744K, reserved 1179648K
  class space    used 12530K, committed 12992K, reserved 1048576K
}
Event: 340.373 GC heap after
{Heap after GC invocations=36 (full 8):
 garbage-first heap   total 122880K, used 55734K [0x0000000704200000, 0x0000000800000000)
  region size 2048K, 1 young (2048K), 1 survivors (2048K)
 Metaspace       used 94756K, committed 95744K, reserved 1179648K
  class space    used 12530K, committed 12992K, reserved 1048576K
}
Event: 381.119 GC heap before
{Heap before GC invocations=36 (full 8):
 garbage-first heap   total 122880K, used 88502K [0x0000000704200000, 0x0000000800000000)
  region size 2048K, 18 young (36864K), 1 survivors (2048K)
 Metaspace       used 94958K, committed 95936K, reserved 1179648K
  class space    used 12562K, committed 12992K, reserved 1048576K
}
Event: 383.121 GC heap after
{Heap after GC invocations=37 (full 9):
 garbage-first heap   total 122880K, used 49608K [0x0000000704200000, 0x0000000800000000)
  region size 2048K, 0 young (0K), 0 survivors (0K)
 Metaspace       used 94958K, committed 95936K, reserved 1179648K
  class space    used 12562K, committed 12992K, reserved 1048576K
}
Event: 386.706 GC heap before
{Heap before GC invocations=37 (full 9):
 garbage-first heap   total 122880K, used 111048K [0x0000000704200000, 0x0000000800000000)
  region size 2048K, 31 young (63488K), 0 survivors (0K)
 Metaspace       used 95740K, committed 96704K, reserved 1179648K
  class space    used 12614K, committed 13056K, reserved 1048576K
}
Event: 386.716 GC heap after
{Heap after GC invocations=38 (full 9):
 garbage-first heap   total 122880K, used 54387K [0x0000000704200000, 0x0000000800000000)
  region size 2048K, 3 young (6144K), 3 survivors (6144K)
 Metaspace       used 95740K, committed 96704K, reserved 1179648K
  class space    used 12614K, committed 13056K, reserved 1048576K
}
Event: 387.873 GC heap before
{Heap before GC invocations=39 (full 9):
 garbage-first heap   total 122880K, used 105587K [0x0000000704200000, 0x0000000800000000)
  region size 2048K, 28 young (57344K), 3 survivors (6144K)
 Metaspace       used 96086K, committed 97088K, reserved 1179648K
  class space    used 12643K, committed 13120K, reserved 1048576K
}
Event: 387.901 GC heap after
{Heap after GC invocations=40 (full 9):
 garbage-first heap   total 122880K, used 57130K [0x0000000704200000, 0x0000000800000000)
  region size 2048K, 2 young (4096K), 2 survivors (4096K)
 Metaspace       used 96086K, committed 97088K, reserved 1179648K
  class space    used 12643K, committed 13120K, reserved 1048576K
}
Event: 389.442 GC heap before
{Heap before GC invocations=40 (full 9):
 garbage-first heap   total 122880K, used 106282K [0x0000000704200000, 0x0000000800000000)
  region size 2048K, 26 young (53248K), 2 survivors (4096K)
 Metaspace       used 96671K, committed 97664K, reserved 1179648K
  class space    used 12674K, committed 13120K, reserved 1048576K
}
Event: 389.450 GC heap after
{Heap after GC invocations=41 (full 9):
 garbage-first heap   total 122880K, used 58982K [0x0000000704200000, 0x0000000800000000)
  region size 2048K, 3 young (6144K), 3 survivors (6144K)
 Metaspace       used 96671K, committed 97664K, reserved 1179648K
  class space    used 12674K, committed 13120K, reserved 1048576K
}
Event: 389.693 GC heap before
{Heap before GC invocations=41 (full 9):
 garbage-first heap   total 122880K, used 108134K [0x0000000704200000, 0x0000000800000000)
  region size 2048K, 27 young (55296K), 3 survivors (6144K)
 Metaspace       used 96981K, committed 97984K, reserved 1179648K
  class space    used 12693K, committed 13184K, reserved 1048576K
}
Event: 389.699 GC heap after
{Heap after GC invocations=42 (full 9):
 garbage-first heap   total 122880K, used 61235K [0x0000000704200000, 0x0000000800000000)
  region size 2048K, 3 young (6144K), 3 survivors (6144K)
 Metaspace       used 96981K, committed 97984K, reserved 1179648K
  class space    used 12693K, committed 13184K, reserved 1048576K
}
Event: 389.982 GC heap before
{Heap before GC invocations=43 (full 9):
 garbage-first heap   total 131072K, used 106291K [0x0000000704200000, 0x0000000800000000)
  region size 2048K, 25 young (51200K), 3 survivors (6144K)
 Metaspace       used 97342K, committed 98304K, reserved 1179648K
  class space    used 12708K, committed 13184K, reserved 1048576K
}
Event: 389.990 GC heap after
{Heap after GC invocations=44 (full 9):
 garbage-first heap   total 131072K, used 62960K [0x0000000704200000, 0x0000000800000000)
  region size 2048K, 2 young (4096K), 2 survivors (4096K)
 Metaspace       used 97342K, committed 98304K, reserved 1179648K
  class space    used 12708K, committed 13184K, reserved 1048576K
}
Event: 390.696 GC heap before
{Heap before GC invocations=44 (full 9):
 garbage-first heap   total 131072K, used 116208K [0x0000000704200000, 0x0000000800000000)
  region size 2048K, 28 young (57344K), 2 survivors (4096K)
 Metaspace       used 97637K, committed 98624K, reserved 1179648K
  class space    used 12721K, committed 13184K, reserved 1048576K
}

