# JRE version: OpenJDK Runtime Environment Temurin-17.0.10+7 (17.0.10+7) (build 17.0.10+7)
# Java VM: OpenJDK 64-Bit Server VM Temurin-17.0.10+7 (17.0.10+7, mixed mode, tiered, compressed oops, compressed class ptrs, parallel gc, windows-amd64)
GC Precious Log:
 CPUs: 8 total, 8 available
 Memory: 16118M
 Large Page Support: Disabled
 NUMA Support: Disabled
 Compressed Oops: Enabled (32-bit)
 Alignments: Space 512K, Generation 512K, Heap 2M
 Heap Min Capacity: 100M
 Heap Initial Capacity: 100M
 Heap Max Capacity: 1G
 Pre-touch: Disabled
 Parallel Workers: 8
Heap:
 PSYoungGen      total 3584K, used 2618K [0x00000000eab00000, 0x00000000eb000000, 0x0000000100000000)
  eden space 3072K, 68% used [0x00000000eab00000,0x00000000ead0e9a0,0x00000000eae00000)
  from space 512K, 100% used [0x00000000eaf80000,0x00000000eb000000,0x00000000eb000000)
  to   space 1024K, 0% used [0x00000000eae00000,0x00000000eae00000,0x00000000eaf00000)
 ParOldGen       total 229376K, used 191725K [0x00000000c0000000, 0x00000000ce000000, 0x00000000eab00000)
  object space 229376K, 83% used [0x00000000c0000000,0x00000000cbb3b5b0,0x00000000ce000000)
 Metaspace       used 102184K, committed 103808K, reserved 1179648K
  class space    used 10455K, committed 11264K, reserved 1048576K
GC Heap History (20 events):
Event: 2466.619 GC heap before
{Heap before GC invocations=3734 (full 77):
 PSYoungGen      total 4096K, used 3540K [0x00000000eab00000, 0x00000000eb180000, 0x0000000100000000)
  eden space 2560K, 100% used [0x00000000eab00000,0x00000000ead80000,0x00000000ead80000)
  from space 1536K, 63% used [0x00000000eb000000,0x00000000eb0f5220,0x00000000eb180000)
  to   space 2048K, 0% used [0x00000000ead80000,0x00000000ead80000,0x00000000eaf80000)
 ParOldGen       total 229376K, used 187921K [0x00000000c0000000, 0x00000000ce000000, 0x00000000eab00000)
  object space 229376K, 81% used [0x00000000c0000000,0x00000000cb784680,0x00000000ce000000)
 Metaspace       used 102181K, committed 103808K, reserved 1179648K
  class space    used 10455K, committed 11264K, reserved 1048576K
}
Event: 2466.635 GC heap after
{Heap after GC invocations=3734 (full 77):
 PSYoungGen      total 4608K, used 608K [0x00000000eab00000, 0x00000000eb080000, 0x0000000100000000)
  eden space 2560K, 0% used [0x00000000eab00000,0x00000000eab00000,0x00000000ead80000)
  from space 2048K, 29% used [0x00000000ead80000,0x00000000eae18000,0x00000000eaf80000)
  to   space 1024K, 0% used [0x00000000eaf80000,0x00000000eaf80000,0x00000000eb080000)
 ParOldGen       total 229376K, used 188738K [0x00000000c0000000, 0x00000000ce000000, 0x00000000eab00000)
  object space 229376K, 82% used [0x00000000c0000000,0x00000000cb8508d0,0x00000000ce000000)
 Metaspace       used 102181K, committed 103808K, reserved 1179648K
  class space    used 10455K, committed 11264K, reserved 1048576K
}
Event: 2466.822 GC heap before
{Heap before GC invocations=3735 (full 77):
 PSYoungGen      total 4608K, used 3168K [0x00000000eab00000, 0x00000000eb080000, 0x0000000100000000)
  eden space 2560K, 100% used [0x00000000eab00000,0x00000000ead80000,0x00000000ead80000)
  from space 2048K, 29% used [0x00000000ead80000,0x00000000eae18000,0x00000000eaf80000)
  to   space 1024K, 0% used [0x00000000eaf80000,0x00000000eaf80000,0x00000000eb080000)
 ParOldGen       total 229376K, used 188738K [0x00000000c0000000, 0x00000000ce000000, 0x00000000eab00000)
  object space 229376K, 82% used [0x00000000c0000000,0x00000000cb8508d0,0x00000000ce000000)
 Metaspace       used 102181K, committed 103808K, reserved 1179648K
  class space    used 10455K, committed 11264K, reserved 1048576K
}
Event: 2466.829 GC heap after
{Heap after GC invocations=3735 (full 77):
 PSYoungGen      total 3072K, used 288K [0x00000000eab00000, 0x00000000eb000000, 0x0000000100000000)
  eden space 2560K, 0% used [0x00000000eab00000,0x00000000eab00000,0x00000000ead80000)
  from space 512K, 56% used [0x00000000eaf80000,0x00000000eafc8000,0x00000000eb000000)
  to   space 512K, 0% used [0x00000000eaf00000,0x00000000eaf00000,0x00000000eaf80000)
 ParOldGen       total 229376K, used 189250K [0x00000000c0000000, 0x00000000ce000000, 0x00000000eab00000)
  object space 229376K, 82% used [0x00000000c0000000,0x00000000cb8d08d0,0x00000000ce000000)
 Metaspace       used 102181K, committed 103808K, reserved 1179648K
  class space    used 10455K, committed 11264K, reserved 1048576K
}
Event: 2467.073 GC heap before
{Heap before GC invocations=3736 (full 77):
 PSYoungGen      total 3072K, used 2847K [0x00000000eab00000, 0x00000000eb000000, 0x0000000100000000)
  eden space 2560K, 99% used [0x00000000eab00000,0x00000000ead7ff70,0x00000000ead80000)
  from space 512K, 56% used [0x00000000eaf80000,0x00000000eafc8000,0x00000000eb000000)
  to   space 512K, 0% used [0x00000000eaf00000,0x00000000eaf00000,0x00000000eaf80000)
 ParOldGen       total 229376K, used 189250K [0x00000000c0000000, 0x00000000ce000000, 0x00000000eab00000)
  object space 229376K, 82% used [0x00000000c0000000,0x00000000cb8d08d0,0x00000000ce000000)
 Metaspace       used 102181K, committed 103808K, reserved 1179648K
  class space    used 10455K, committed 11264K, reserved 1048576K
}
Event: 2467.080 GC heap after
{Heap after GC invocations=3736 (full 77):
 PSYoungGen      total 3072K, used 416K [0x00000000eab00000, 0x00000000eb000000, 0x0000000100000000)
  eden space 2560K, 0% used [0x00000000eab00000,0x00000000eab00000,0x00000000ead80000)
  from space 512K, 81% used [0x00000000eaf00000,0x00000000eaf68000,0x00000000eaf80000)
  to   space 512K, 0% used [0x00000000eaf80000,0x00000000eaf80000,0x00000000eb000000)
 ParOldGen       total 229376K, used 189386K [0x00000000c0000000, 0x00000000ce000000, 0x00000000eab00000)
  object space 229376K, 82% used [0x00000000c0000000,0x00000000cb8f28d0,0x00000000ce000000)
 Metaspace       used 102181K, committed 103808K, reserved 1179648K
  class space    used 10455K, committed 11264K, reserved 1048576K
}
Event: 2467.562 GC heap before
{Heap before GC invocations=3737 (full 77):
 PSYoungGen      total 3072K, used 2976K [0x00000000eab00000, 0x00000000eb000000, 0x0000000100000000)
  eden space 2560K, 100% used [0x00000000eab00000,0x00000000ead80000,0x00000000ead80000)
  from space 512K, 81% used [0x00000000eaf00000,0x00000000eaf68000,0x00000000eaf80000)
  to   space 512K, 0% used [0x00000000eaf80000,0x00000000eaf80000,0x00000000eb000000)
 ParOldGen       total 229376K, used 189386K [0x00000000c0000000, 0x00000000ce000000, 0x00000000eab00000)
  object space 229376K, 82% used [0x00000000c0000000,0x00000000cb8f28d0,0x00000000ce000000)
 Metaspace       used 102182K, committed 103808K, reserved 1179648K
  class space    used 10455K, committed 11264K, reserved 1048576K
}
Event: 2467.578 GC heap after
{Heap after GC invocations=3737 (full 77):
 PSYoungGen      total 3072K, used 320K [0x00000000eab00000, 0x00000000eb000000, 0x0000000100000000)
  eden space 2560K, 0% used [0x00000000eab00000,0x00000000eab00000,0x00000000ead80000)
  from space 512K, 62% used [0x00000000eaf80000,0x00000000eafd0000,0x00000000eb000000)
  to   space 512K, 0% used [0x00000000eaf00000,0x00000000eaf00000,0x00000000eaf80000)
 ParOldGen       total 229376K, used 189662K [0x00000000c0000000, 0x00000000ce000000, 0x00000000eab00000)
  object space 229376K, 82% used [0x00000000c0000000,0x00000000cb9378e0,0x00000000ce000000)
 Metaspace       used 102182K, committed 103808K, reserved 1179648K
  class space    used 10455K, committed 11264K, reserved 1048576K
}
Event: 2467.714 GC heap before
{Heap before GC invocations=3738 (full 77):
 PSYoungGen      total 3072K, used 2879K [0x00000000eab00000, 0x00000000eb000000, 0x0000000100000000)
  eden space 2560K, 99% used [0x00000000eab00000,0x00000000ead7ffe0,0x00000000ead80000)
  from space 512K, 62% used [0x00000000eaf80000,0x00000000eafd0000,0x00000000eb000000)
  to   space 512K, 0% used [0x00000000eaf00000,0x00000000eaf00000,0x00000000eaf80000)
 ParOldGen       total 229376K, used 189662K [0x00000000c0000000, 0x00000000ce000000, 0x00000000eab00000)
  object space 229376K, 82% used [0x00000000c0000000,0x00000000cb9378e0,0x00000000ce000000)
 Metaspace       used 102182K, committed 103808K, reserved 1179648K
  class space    used 10455K, committed 11264K, reserved 1048576K
}
Event: 2467.723 GC heap after
{Heap after GC invocations=3738 (full 77):
 PSYoungGen      total 3072K, used 512K [0x00000000eab00000, 0x00000000eb000000, 0x0000000100000000)
  eden space 2560K, 0% used [0x00000000eab00000,0x00000000eab00000,0x00000000ead80000)
  from space 512K, 100% used [0x00000000eaf00000,0x00000000eaf80000,0x00000000eaf80000)
  to   space 512K, 0% used [0x00000000eaf80000,0x00000000eaf80000,0x00000000eb000000)
 ParOldGen       total 229376K, used 189948K [0x00000000c0000000, 0x00000000ce000000, 0x00000000eab00000)
  object space 229376K, 82% used [0x00000000c0000000,0x00000000cb97f2f0,0x00000000ce000000)
 Metaspace       used 102182K, committed 103808K, reserved 1179648K
  class space    used 10455K, committed 11264K, reserved 1048576K
}
Event: 2467.834 GC heap before
{Heap before GC invocations=3739 (full 77):
 PSYoungGen      total 3072K, used 3072K [0x00000000eab00000, 0x00000000eb000000, 0x0000000100000000)
  eden space 2560K, 100% used [0x00000000eab00000,0x00000000ead80000,0x00000000ead80000)
  from space 512K, 100% used [0x00000000eaf00000,0x00000000eaf80000,0x00000000eaf80000)
  to   space 512K, 0% used [0x00000000eaf80000,0x00000000eaf80000,0x00000000eb000000)
 ParOldGen       total 229376K, used 189948K [0x00000000c0000000, 0x00000000ce000000, 0x00000000eab00000)
  object space 229376K, 82% used [0x00000000c0000000,0x00000000cb97f2f0,0x00000000ce000000)
 Metaspace       used 102183K, committed 103808K, reserved 1179648K
  class space    used 10455K, committed 11264K, reserved 1048576K
}
Event: 2467.842 GC heap after
{Heap after GC invocations=3739 (full 77):
 PSYoungGen      total 3072K, used 288K [0x00000000eab00000, 0x00000000eb000000, 0x0000000100000000)
  eden space 2560K, 0% used [0x00000000eab00000,0x00000000eab00000,0x00000000ead80000)
  from space 512K, 56% used [0x00000000eaf80000,0x00000000eafc8000,0x00000000eb000000)
  to   space 512K, 0% used [0x00000000eaf00000,0x00000000eaf00000,0x00000000eaf80000)
 ParOldGen       total 229376K, used 190456K [0x00000000c0000000, 0x00000000ce000000, 0x00000000eab00000)
  object space 229376K, 83% used [0x00000000c0000000,0x00000000cb9fe300,0x00000000ce000000)
 Metaspace       used 102183K, committed 103808K, reserved 1179648K
  class space    used 10455K, committed 11264K, reserved 1048576K
}
Event: 2467.856 GC heap before
{Heap before GC invocations=3740 (full 77):
 PSYoungGen      total 3072K, used 2848K [0x00000000eab00000, 0x00000000eb000000, 0x0000000100000000)
  eden space 2560K, 100% used [0x00000000eab00000,0x00000000ead80000,0x00000000ead80000)
  from space 512K, 56% used [0x00000000eaf80000,0x00000000eafc8000,0x00000000eb000000)
  to   space 512K, 0% used [0x00000000eaf00000,0x00000000eaf00000,0x00000000eaf80000)
 ParOldGen       total 229376K, used 190456K [0x00000000c0000000, 0x00000000ce000000, 0x00000000eab00000)
  object space 229376K, 83% used [0x00000000c0000000,0x00000000cb9fe300,0x00000000ce000000)
 Metaspace       used 102183K, committed 103808K, reserved 1179648K
  class space    used 10455K, committed 11264K, reserved 1048576K
}
Event: 2467.863 GC heap after
{Heap after GC invocations=3740 (full 77):
 PSYoungGen      total 3072K, used 506K [0x00000000eab00000, 0x00000000eb000000, 0x0000000100000000)
  eden space 2560K, 0% used [0x00000000eab00000,0x00000000eab00000,0x00000000ead80000)
  from space 512K, 98% used [0x00000000eaf00000,0x00000000eaf7e900,0x00000000eaf80000)
  to   space 512K, 0% used [0x00000000eaf80000,0x00000000eaf80000,0x00000000eb000000)
 ParOldGen       total 229376K, used 190624K [0x00000000c0000000, 0x00000000ce000000, 0x00000000eab00000)
  object space 229376K, 83% used [0x00000000c0000000,0x00000000cba28370,0x00000000ce000000)
 Metaspace       used 102183K, committed 103808K, reserved 1179648K
  class space    used 10455K, committed 11264K, reserved 1048576K
}
Event: 2467.877 GC heap before
{Heap before GC invocations=3741 (full 77):
 PSYoungGen      total 3072K, used 3066K [0x00000000eab00000, 0x00000000eb000000, 0x0000000100000000)
  eden space 2560K, 100% used [0x00000000eab00000,0x00000000ead80000,0x00000000ead80000)
  from space 512K, 98% used [0x00000000eaf00000,0x00000000eaf7e900,0x00000000eaf80000)
  to   space 512K, 0% used [0x00000000eaf80000,0x00000000eaf80000,0x00000000eb000000)
 ParOldGen       total 229376K, used 190624K [0x00000000c0000000, 0x00000000ce000000, 0x00000000eab00000)
  object space 229376K, 83% used [0x00000000c0000000,0x00000000cba28370,0x00000000ce000000)
 Metaspace       used 102183K, committed 103808K, reserved 1179648K
  class space    used 10455K, committed 11264K, reserved 1048576K
}
Event: 2467.882 GC heap after
{Heap after GC invocations=3741 (full 77):
 PSYoungGen      total 3584K, used 416K [0x00000000eab00000, 0x00000000eb000000, 0x0000000100000000)
  eden space 3072K, 0% used [0x00000000eab00000,0x00000000eab00000,0x00000000eae00000)
  from space 512K, 81% used [0x00000000eaf80000,0x00000000eafe8000,0x00000000eb000000)
  to   space 512K, 0% used [0x00000000eaf00000,0x00000000eaf00000,0x00000000eaf80000)
 ParOldGen       total 229376K, used 191037K [0x00000000c0000000, 0x00000000ce000000, 0x00000000eab00000)
  object space 229376K, 83% used [0x00000000c0000000,0x00000000cba8f590,0x00000000ce000000)
 Metaspace       used 102183K, committed 103808K, reserved 1179648K
  class space    used 10455K, committed 11264K, reserved 1048576K
}
Event: 2468.017 GC heap before
{Heap before GC invocations=3742 (full 77):
 PSYoungGen      total 3584K, used 3488K [0x00000000eab00000, 0x00000000eb000000, 0x0000000100000000)
  eden space 3072K, 100% used [0x00000000eab00000,0x00000000eae00000,0x00000000eae00000)
  from space 512K, 81% used [0x00000000eaf80000,0x00000000eafe8000,0x00000000eb000000)
  to   space 512K, 0% used [0x00000000eaf00000,0x00000000eaf00000,0x00000000eaf80000)
 ParOldGen       total 229376K, used 191037K [0x00000000c0000000, 0x00000000ce000000, 0x00000000eab00000)
  object space 229376K, 83% used [0x00000000c0000000,0x00000000cba8f590,0x00000000ce000000)
 Metaspace       used 102183K, committed 103808K, reserved 1179648K
  class space    used 10455K, committed 11264K, reserved 1048576K
}
Event: 2468.024 GC heap after
{Heap after GC invocations=3742 (full 77):
 PSYoungGen      total 3584K, used 512K [0x00000000eab00000, 0x00000000eb000000, 0x0000000100000000)
  eden space 3072K, 0% used [0x00000000eab00000,0x00000000eab00000,0x00000000eae00000)
  from space 512K, 100% used [0x00000000eaf00000,0x00000000eaf80000,0x00000000eaf80000)
  to   space 512K, 0% used [0x00000000eaf80000,0x00000000eaf80000,0x00000000eb000000)
 ParOldGen       total 229376K, used 191297K [0x00000000c0000000, 0x00000000ce000000, 0x00000000eab00000)
  object space 229376K, 83% used [0x00000000c0000000,0x00000000cbad05a0,0x00000000ce000000)
 Metaspace       used 102183K, committed 103808K, reserved 1179648K
  class space    used 10455K, committed 11264K, reserved 1048576K
}
Event: 2468.611 GC heap before
{Heap before GC invocations=3743 (full 77):
 PSYoungGen      total 3584K, used 3584K [0x00000000eab00000, 0x00000000eb000000, 0x0000000100000000)
  eden space 3072K, 100% used [0x00000000eab00000,0x00000000eae00000,0x00000000eae00000)
  from space 512K, 100% used [0x00000000eaf00000,0x00000000eaf80000,0x00000000eaf80000)
  to   space 512K, 0% used [0x00000000eaf80000,0x00000000eaf80000,0x00000000eb000000)
 ParOldGen       total 229376K, used 191297K [0x00000000c0000000, 0x00000000ce000000, 0x00000000eab00000)
  object space 229376K, 83% used [0x00000000c0000000,0x00000000cbad05a0,0x00000000ce000000)
 Metaspace       used 102184K, committed 103808K, reserved 1179648K
  class space    used 10455K, committed 11264K, reserved 1048576K
}
Event: 2468.625 GC heap after
{Heap after GC invocations=3743 (full 77):
 PSYoungGen      total 3584K, used 512K [0x00000000eab00000, 0x00000000eb000000, 0x0000000100000000)
  eden space 3072K, 0% used [0x00000000eab00000,0x00000000eab00000,0x00000000eae00000)
  from space 512K, 100% used [0x00000000eaf80000,0x00000000eb000000,0x00000000eb000000)
  to   space 1024K, 0% used [0x00000000eae00000,0x00000000eae00000,0x00000000eaf00000)
 ParOldGen       total 229376K, used 191725K [0x00000000c0000000, 0x00000000ce000000, 0x00000000eab00000)
  object space 229376K, 83% used [0x00000000c0000000,0x00000000cbb3b5b0,0x00000000ce000000)
 Metaspace       used 102184K, committed 103808K, reserved 1179648K
  class space    used 10455K, committed 11264K, reserved 1048576K
}

